c:\users\2210196\desktop\2021前期\ゲームプログラミング１\gp1\release\vc142.pdb
c:\users\2210196\desktop\2021前期\ゲームプログラミング１\gp1\release\scene_title.obj
c:\users\2210196\desktop\2021前期\ゲームプログラミング１\gp1\release\main.obj
c:\users\2210196\desktop\2021前期\ゲームプログラミング１\gp1\release\view_settings.obj
c:\users\2210196\desktop\2021前期\ゲームプログラミング１\gp1\release\vector.obj
c:\users\2210196\desktop\2021前期\ゲームプログラミング１\gp1\release\texture.obj
c:\users\2210196\desktop\2021前期\ゲームプログラミング１\gp1\release\sprite.obj
c:\users\2210196\desktop\2021前期\ゲームプログラミング１\gp1\release\resource_manager.obj
c:\users\2210196\desktop\2021前期\ゲームプログラミング１\gp1\release\primitive.obj
c:\users\2210196\desktop\2021前期\ゲームプログラミング１\gp1\release\obj2d_data.obj
c:\users\2210196\desktop\2021前期\ゲームプログラミング１\gp1\release\input_manager.obj
c:\users\2210196\desktop\2021前期\ゲームプログラミング１\gp1\release\game_lib.obj
c:\users\2210196\desktop\2021前期\ゲームプログラミング１\gp1\release\frame_rate.obj
c:\users\2210196\desktop\2021前期\ゲームプログラミング１\gp1\release\font.obj
c:\users\2210196\desktop\2021前期\ゲームプログラミング１\gp1\release\dxtk_audio.obj
c:\users\2210196\desktop\2021前期\ゲームプログラミング１\gp1\release\debug.obj
c:\users\2210196\desktop\2021前期\ゲームプログラミング１\gp1\release\scene_game.obj
c:\users\2210196\desktop\2021前期\ゲームプログラミング１\gp1\release\gp1.ipdb
c:\users\2210196\desktop\2021前期\ゲームプログラミング１\gp1\release\gp1.iobj
c:\users\2210196\desktop\2021前期\ゲームプログラミング１\gp1\release\gp1.exe
c:\users\2210196\desktop\2021前期\ゲームプログラミング１\gp1\release\gp1.pdb
c:\users\2210196\desktop\2021前期\ゲームプログラミング１\gp1\release\gp1.tlog\cl.command.1.tlog
c:\users\2210196\desktop\2021前期\ゲームプログラミング１\gp1\release\gp1.tlog\cl.read.1.tlog
c:\users\2210196\desktop\2021前期\ゲームプログラミング１\gp1\release\gp1.tlog\cl.write.1.tlog
c:\users\2210196\desktop\2021前期\ゲームプログラミング１\gp1\release\gp1.tlog\gp1.write.1u.tlog
c:\users\2210196\desktop\2021前期\ゲームプログラミング１\gp1\release\gp1.tlog\link.command.1.tlog
c:\users\2210196\desktop\2021前期\ゲームプログラミング１\gp1\release\gp1.tlog\link.read.1.tlog
c:\users\2210196\desktop\2021前期\ゲームプログラミング１\gp1\release\gp1.tlog\link.write.1.tlog
