c:\users\2210196\desktop\2021前期\ゲームプログラミング１\gp1\debug\vc142.pdb
c:\users\2210196\desktop\2021前期\ゲームプログラミング１\gp1\debug\vc142.idb
c:\users\2210196\desktop\2021前期\ゲームプログラミング１\gp1\debug\view_settings.obj
c:\users\2210196\desktop\2021前期\ゲームプログラミング１\gp1\debug\vector.obj
c:\users\2210196\desktop\2021前期\ゲームプログラミング１\gp1\debug\texture.obj
c:\users\2210196\desktop\2021前期\ゲームプログラミング１\gp1\debug\sprite.obj
c:\users\2210196\desktop\2021前期\ゲームプログラミング１\gp1\debug\resource_manager.obj
c:\users\2210196\desktop\2021前期\ゲームプログラミング１\gp1\debug\primitive.obj
c:\users\2210196\desktop\2021前期\ゲームプログラミング１\gp1\debug\obj2d_data.obj
c:\users\2210196\desktop\2021前期\ゲームプログラミング１\gp1\debug\input_manager.obj
c:\users\2210196\desktop\2021前期\ゲームプログラミング１\gp1\debug\game_lib.obj
c:\users\2210196\desktop\2021前期\ゲームプログラミング１\gp1\debug\frame_rate.obj
c:\users\2210196\desktop\2021前期\ゲームプログラミング１\gp1\debug\font.obj
c:\users\2210196\desktop\2021前期\ゲームプログラミング１\gp1\debug\dxtk_audio.obj
c:\users\2210196\desktop\2021前期\ゲームプログラミング１\gp1\debug\debug.obj
c:\users\2210196\desktop\2021前期\ゲームプログラミング１\gp1\debug\scene_game.obj
c:\users\2210196\desktop\2021前期\ゲームプログラミング１\gp1\debug\player.obj
c:\users\2210196\desktop\2021前期\ゲームプログラミング１\gp1\debug\enemy.obj
c:\users\2210196\desktop\2021前期\ゲームプログラミング１\gp1\debug\scene_title.obj
c:\users\2210196\desktop\2021前期\ゲームプログラミング１\gp1\debug\main.obj
c:\users\2210196\desktop\2021前期\ゲームプログラミング１\gp1\debug\2dshoot.exe
c:\users\2210196\desktop\2021前期\ゲームプログラミング１\gp1\debug\2dshoot.ilk
c:\users\2210196\desktop\2021前期\ゲームプログラミング１\gp1\debug\2dshoot.pdb
c:\users\2210196\desktop\2021前期\ゲームプログラミング１\gp1\debug\enemy.obj.enc
c:\users\2210196\desktop\2021前期\ゲームプログラミング１\gp1\debug\2dshoot.tlog\cl.command.1.tlog
c:\users\2210196\desktop\2021前期\ゲームプログラミング１\gp1\debug\2dshoot.tlog\cl.read.1.tlog
c:\users\2210196\desktop\2021前期\ゲームプログラミング１\gp1\debug\2dshoot.tlog\cl.write.1.tlog
c:\users\2210196\desktop\2021前期\ゲームプログラミング１\gp1\debug\2dshoot.tlog\link.command.1.tlog
c:\users\2210196\desktop\2021前期\ゲームプログラミング１\gp1\debug\2dshoot.tlog\link.read.1.tlog
c:\users\2210196\desktop\2021前期\ゲームプログラミング１\gp1\debug\2dshoot.tlog\link.write.1.tlog
